# JRE version: OpenJDK Runtime Environment (8.0_202-b03) (build 1.8.0_202-release-1483-b03)
# Java VM: OpenJDK 64-Bit Server VM (25.202-b03 mixed mode windows-amd64 compressed oops)
Heap:
 PSYoungGen      total 394240K, used 226124K [0x00000000e0000000, 0x00000000fc000000, 0x0000000100000000)
  eden space 368640K, 58% used [0x00000000e0000000,0x00000000ed43dcd8,0x00000000f6800000)
  from space 25600K, 34% used [0x00000000f6800000,0x00000000f7095420,0x00000000f8100000)
  to   space 24064K, 0% used [0x00000000fa880000,0x00000000fa880000,0x00000000fc000000)
 ParOldGen       total 142848K, used 100510K [0x00000000a0000000, 0x00000000a8b80000, 0x00000000e0000000)
  object space 142848K, 70% used [0x00000000a0000000,0x00000000a6227ae8,0x00000000a8b80000)
 Metaspace       used 121131K, capacity 125958K, committed 126808K, reserved 1159168K
  class space    used 15417K, capacity 16332K, committed 16512K, reserved 1048576K
GC Heap History (10 events):
Event: 5336.872 GC heap before
{Heap before GC invocations=86 (full 7):
 PSYoungGen      total 354816K, used 333940K [0x00000000e0000000, 0x00000000f7e00000, 0x0000000100000000)
  eden space 328704K, 100% used [0x00000000e0000000,0x00000000f4100000,0x00000000f4100000)
  from space 26112K, 20% used [0x00000000f6480000,0x00000000f699d118,0x00000000f7e00000)
  to   space 31232K, 0% used [0x00000000f4100000,0x00000000f4100000,0x00000000f5f80000)
 ParOldGen       total 142848K, used 83645K [0x00000000a0000000, 0x00000000a8b80000, 0x00000000e0000000)
  object space 142848K, 58% used [0x00000000a0000000,0x00000000a51af518,0x00000000a8b80000)
 Metaspace       used 121087K, capacity 125958K, committed 126808K, reserved 1159168K
  class space    used 15415K, capacity 16332K, committed 16512K, reserved 1048576K
Event: 5336.886 GC heap after
Heap after GC invocations=86 (full 7):
 PSYoungGen      total 359936K, used 2761K [0x00000000e0000000, 0x00000000f9e80000, 0x0000000100000000)
  eden space 328704K, 0% used [0x00000000e0000000,0x00000000e0000000,0x00000000f4100000)
  from space 31232K, 8% used [0x00000000f4100000,0x00000000f43b2638,0x00000000f5f80000)
  to   space 30208K, 0% used [0x00000000f8100000,0x00000000f8100000,0x00000000f9e80000)
 ParOldGen       total 142848K, used 84539K [0x00000000a0000000, 0x00000000a8b80000, 0x00000000e0000000)
  object space 142848K, 59% used [0x00000000a0000000,0x00000000a528ef18,0x00000000a8b80000)
 Metaspace       used 121087K, capacity 125958K, committed 126808K, reserved 1159168K
  class space    used 15415K, capacity 16332K, committed 16512K, reserved 1048576K
}
Event: 5338.447 GC heap before
{Heap before GC invocations=87 (full 7):
 PSYoungGen      total 359936K, used 331465K [0x00000000e0000000, 0x00000000f9e80000, 0x0000000100000000)
  eden space 328704K, 100% used [0x00000000e0000000,0x00000000f4100000,0x00000000f4100000)
  from space 31232K, 8% used [0x00000000f4100000,0x00000000f43b2638,0x00000000f5f80000)
  to   space 30208K, 0% used [0x00000000f8100000,0x00000000f8100000,0x00000000f9e80000)
 ParOldGen       total 142848K, used 84539K [0x00000000a0000000, 0x00000000a8b80000, 0x00000000e0000000)
  object space 142848K, 59% used [0x00000000a0000000,0x00000000a528ef18,0x00000000a8b80000)
 Metaspace       used 121093K, capacity 125958K, committed 126808K, reserved 1159168K
  class space    used 15415K, capacity 16332K, committed 16512K, reserved 1048576K
Event: 5338.474 GC heap after
Heap after GC invocations=87 (full 7):
 PSYoungGen      total 392192K, used 8109K [0x00000000e0000000, 0x00000000f9b80000, 0x0000000100000000)
  eden space 365056K, 0% used [0x00000000e0000000,0x00000000e0000000,0x00000000f6480000)
  from space 27136K, 29% used [0x00000000f8100000,0x00000000f88eb610,0x00000000f9b80000)
  to   space 28160K, 0% used [0x00000000f6480000,0x00000000f6480000,0x00000000f8000000)
 ParOldGen       total 142848K, used 85889K [0x00000000a0000000, 0x00000000a8b80000, 0x00000000e0000000)
  object space 142848K, 60% used [0x00000000a0000000,0x00000000a53e05b8,0x00000000a8b80000)
 Metaspace       used 121093K, capacity 125958K, committed 126808K, reserved 1159168K
  class space    used 15415K, capacity 16332K, committed 16512K, reserved 1048576K
}
Event: 5340.855 GC heap before
{Heap before GC invocations=88 (full 7):
 PSYoungGen      total 392192K, used 373165K [0x00000000e0000000, 0x00000000f9b80000, 0x0000000100000000)
  eden space 365056K, 100% used [0x00000000e0000000,0x00000000f6480000,0x00000000f6480000)
  from space 27136K, 29% used [0x00000000f8100000,0x00000000f88eb610,0x00000000f9b80000)
  to   space 28160K, 0% used [0x00000000f6480000,0x00000000f6480000,0x00000000f8000000)
 ParOldGen       total 142848K, used 85889K [0x00000000a0000000, 0x00000000a8b80000, 0x00000000e0000000)
  object space 142848K, 60% used [0x00000000a0000000,0x00000000a53e05b8,0x00000000a8b80000)
 Metaspace       used 121104K, capacity 125958K, committed 126808K, reserved 1159168K
  class space    used 15415K, capacity 16332K, committed 16512K, reserved 1048576K
Event: 5340.883 GC heap after
Heap after GC invocations=88 (full 7):
 PSYoungGen      total 393216K, used 9018K [0x00000000e0000000, 0x00000000f9b80000, 0x0000000100000000)
  eden space 365056K, 0% used [0x00000000e0000000,0x00000000e0000000,0x00000000f6480000)
  from space 28160K, 32% used [0x00000000f6480000,0x00000000f6d4e908,0x00000000f8000000)
  to   space 27136K, 0% used [0x00000000f8100000,0x00000000f8100000,0x00000000f9b80000)
 ParOldGen       total 142848K, used 91134K [0x00000000a0000000, 0x00000000a8b80000, 0x00000000e0000000)
  object space 142848K, 63% used [0x00000000a0000000,0x00000000a58ff8d0,0x00000000a8b80000)
 Metaspace       used 121104K, capacity 125958K, committed 126808K, reserved 1159168K
  class space    used 15415K, capacity 16332K, committed 16512K, reserved 1048576K
}
Event: 5342.546 GC heap before
{Heap before GC invocations=89 (full 7):
 PSYoungGen      total 393216K, used 374074K [0x00000000e0000000, 0x00000000f9b80000, 0x0000000100000000)
  eden space 365056K, 100% used [0x00000000e0000000,0x00000000f6480000,0x00000000f6480000)
  from space 28160K, 32% used [0x00000000f6480000,0x00000000f6d4e908,0x00000000f8000000)
  to   space 27136K, 0% used [0x00000000f8100000,0x00000000f8100000,0x00000000f9b80000)
 ParOldGen       total 142848K, used 91134K [0x00000000a0000000, 0x00000000a8b80000, 0x00000000e0000000)
  object space 142848K, 63% used [0x00000000a0000000,0x00000000a58ff8d0,0x00000000a8b80000)
 Metaspace       used 121119K, capacity 125958K, committed 126808K, reserved 1159168K
  class space    used 15417K, capacity 16332K, committed 16512K, reserved 1048576K
Event: 5342.566 GC heap after
Heap after GC invocations=89 (full 7):
 PSYoungGen      total 395776K, used 3424K [0x00000000e0000000, 0x00000000fbc80000, 0x0000000100000000)
  eden space 368640K, 0% used [0x00000000e0000000,0x00000000e0000000,0x00000000f6800000)
  from space 27136K, 12% used [0x00000000f8100000,0x00000000f8458020,0x00000000f9b80000)
  to   space 25600K, 0% used [0x00000000f6800000,0x00000000f6800000,0x00000000f8100000)
 ParOldGen       total 142848K, used 97910K [0x00000000a0000000, 0x00000000a8b80000, 0x00000000e0000000)
  object space 142848K, 68% used [0x00000000a0000000,0x00000000a5f9dac8,0x00000000a8b80000)
 Metaspace       used 121119K, capacity 125958K, committed 126808K, reserved 1159168K
  class space    used 15417K, capacity 16332K, committed 16512K, reserved 1048576K
}
Event: 5344.077 GC heap before
{Heap before GC invocations=90 (full 7):
 PSYoungGen      total 395776K, used 372064K [0x00000000e0000000, 0x00000000fbc80000, 0x0000000100000000)
  eden space 368640K, 100% used [0x00000000e0000000,0x00000000f6800000,0x00000000f6800000)
  from space 27136K, 12% used [0x00000000f8100000,0x00000000f8458020,0x00000000f9b80000)
  to   space 25600K, 0% used [0x00000000f6800000,0x00000000f6800000,0x00000000f8100000)
 ParOldGen       total 142848K, used 97910K [0x00000000a0000000, 0x00000000a8b80000, 0x00000000e0000000)
  object space 142848K, 68% used [0x00000000a0000000,0x00000000a5f9dac8,0x00000000a8b80000)
 Metaspace       used 121129K, capacity 125958K, committed 126808K, reserved 1159168K
  class space    used 15417K, capacity 16332K, committed 16512K, reserved 1048576K
Event: 5344.111 GC heap after
Heap after GC invocations=90 (full 7):
 PSYoungGen      total 394240K, used 8789K [0x00000000e0000000, 0x00000000fc000000, 0x0000000100000000)
  eden space 368640K, 0% used [0x00000000e0000000,0x00000000e0000000,0x00000000f6800000)
  from space 25600K, 34% used [0x00000000f6800000,0x00000000f7095420,0x00000000f8100000)
  to   space 24064K, 0% used [0x00000000fa880000,0x00000000fa880000,0x00000000fc000000)
 ParOldGen       total 142848K, used 100510K [0x00000000a0000000, 0x00000000a8b80000, 0x00000000e0000000)
  object space 142848K, 70% used [0x00000000a0000000,0x00000000a6227ae8,0x00000000a8b80000)
 Metaspace       used 121129K, capacity 125958K, committed 126808K, reserved 1159168K
  class space    used 15417K, capacity 16332K, committed 16512K, reserved 1048576K
}

