# JRE version: OpenJDK Runtime Environment (8.0_202-b03) (build 1.8.0_202-release-1483-b03)
# Java VM: OpenJDK 64-Bit Server VM (25.202-b03 mixed mode windows-amd64 compressed oops)
Heap:
 PSYoungGen      total 130560K, used 19615K [0x00000000f5580000, 0x0000000100000000, 0x0000000100000000)
  eden space 129536K, 14% used [0x00000000f5580000,0x00000000f67d9240,0x00000000fd400000)
  from space 1024K, 80% used [0x00000000fd400000,0x00000000fd4ceab0,0x00000000fd500000)
  to   space 23040K, 0% used [0x00000000fe980000,0x00000000fe980000,0x0000000100000000)
 ParOldGen       total 175104K, used 71338K [0x00000000e0000000, 0x00000000eab00000, 0x00000000f5580000)
  object space 175104K, 40% used [0x00000000e0000000,0x00000000e45aa8f8,0x00000000eab00000)
 Metaspace       used 76789K, capacity 79646K, committed 79872K, reserved 1118208K
  class space    used 9780K, capacity 10381K, committed 10496K, reserved 1048576K
GC Heap History (10 events):
Event: 434.390 GC heap before
{Heap before GC invocations=30 (full 3):
 PSYoungGen      total 130048K, used 122217K [0x00000000f5580000, 0x00000000fe880000, 0x0000000100000000)
  eden space 112640K, 100% used [0x00000000f5580000,0x00000000fc380000,0x00000000fc380000)
  from space 17408K, 55% used [0x00000000fd780000,0x00000000fe0da5e0,0x00000000fe880000)
  to   space 18944K, 0% used [0x00000000fc380000,0x00000000fc380000,0x00000000fd600000)
 ParOldGen       total 175104K, used 45020K [0x00000000e0000000, 0x00000000eab00000, 0x00000000f5580000)
  object space 175104K, 25% used [0x00000000e0000000,0x00000000e2bf7358,0x00000000eab00000)
 Metaspace       used 73881K, capacity 76590K, committed 76800K, reserved 1116160K
  class space    used 9504K, capacity 10115K, committed 10240K, reserved 1048576K
Event: 434.467 GC heap after
Heap after GC invocations=30 (full 3):
 PSYoungGen      total 131584K, used 18912K [0x00000000f5580000, 0x0000000100000000, 0x0000000100000000)
  eden space 112640K, 0% used [0x00000000f5580000,0x00000000f5580000,0x00000000fc380000)
  from space 18944K, 99% used [0x00000000fc380000,0x00000000fd5f8020,0x00000000fd600000)
  to   space 21504K, 0% used [0x00000000feb00000,0x00000000feb00000,0x0000000100000000)
 ParOldGen       total 175104K, used 46488K [0x00000000e0000000, 0x00000000eab00000, 0x00000000f5580000)
  object space 175104K, 26% used [0x00000000e0000000,0x00000000e2d661a8,0x00000000eab00000)
 Metaspace       used 73881K, capacity 76590K, committed 76800K, reserved 1116160K
  class space    used 9504K, capacity 10115K, committed 10240K, reserved 1048576K
}
Event: 635.663 GC heap before
{Heap before GC invocations=31 (full 3):
 PSYoungGen      total 131584K, used 131552K [0x00000000f5580000, 0x0000000100000000, 0x0000000100000000)
  eden space 112640K, 100% used [0x00000000f5580000,0x00000000fc380000,0x00000000fc380000)
  from space 18944K, 99% used [0x00000000fc380000,0x00000000fd5f8020,0x00000000fd600000)
  to   space 21504K, 0% used [0x00000000feb00000,0x00000000feb00000,0x0000000100000000)
 ParOldGen       total 175104K, used 46488K [0x00000000e0000000, 0x00000000eab00000, 0x00000000f5580000)
  object space 175104K, 26% used [0x00000000e0000000,0x00000000e2d661a8,0x00000000eab00000)
 Metaspace       used 75010K, capacity 77726K, committed 77824K, reserved 1116160K
  class space    used 9593K, capacity 10177K, committed 10240K, reserved 1048576K
Event: 635.700 GC heap after
Heap after GC invocations=31 (full 3):
 PSYoungGen      total 152064K, used 16436K [0x00000000f5580000, 0x0000000100000000, 0x0000000100000000)
  eden space 130560K, 0% used [0x00000000f5580000,0x00000000f5580000,0x00000000fd500000)
  from space 21504K, 76% used [0x00000000feb00000,0x00000000ffb0d340,0x0000000100000000)
  to   space 22016K, 0% used [0x00000000fd500000,0x00000000fd500000,0x00000000fea80000)
 ParOldGen       total 175104K, used 53320K [0x00000000e0000000, 0x00000000eab00000, 0x00000000f5580000)
  object space 175104K, 30% used [0x00000000e0000000,0x00000000e3412210,0x00000000eab00000)
 Metaspace       used 75010K, capacity 77726K, committed 77824K, reserved 1116160K
  class space    used 9593K, capacity 10177K, committed 10240K, reserved 1048576K
}
Event: 661.752 GC heap before
{Heap before GC invocations=32 (full 3):
 PSYoungGen      total 152064K, used 146996K [0x00000000f5580000, 0x0000000100000000, 0x0000000100000000)
  eden space 130560K, 100% used [0x00000000f5580000,0x00000000fd500000,0x00000000fd500000)
  from space 21504K, 76% used [0x00000000feb00000,0x00000000ffb0d340,0x0000000100000000)
  to   space 22016K, 0% used [0x00000000fd500000,0x00000000fd500000,0x00000000fea80000)
 ParOldGen       total 175104K, used 53320K [0x00000000e0000000, 0x00000000eab00000, 0x00000000f5580000)
  object space 175104K, 30% used [0x00000000e0000000,0x00000000e3412210,0x00000000eab00000)
 Metaspace       used 76629K, capacity 79570K, committed 79872K, reserved 1118208K
  class space    used 9773K, capacity 10379K, committed 10496K, reserved 1048576K
Event: 661.789 GC heap after
Heap after GC invocations=32 (full 3):
 PSYoungGen      total 152576K, used 6737K [0x00000000f5580000, 0x0000000100000000, 0x0000000100000000)
  eden space 130560K, 0% used [0x00000000f5580000,0x00000000f5580000,0x00000000fd500000)
  from space 22016K, 30% used [0x00000000fd500000,0x00000000fdb94690,0x00000000fea80000)
  to   space 22016K, 0% used [0x00000000fea80000,0x00000000fea80000,0x0000000100000000)
 ParOldGen       total 175104K, used 68644K [0x00000000e0000000, 0x00000000eab00000, 0x00000000f5580000)
  object space 175104K, 39% used [0x00000000e0000000,0x00000000e43093c8,0x00000000eab00000)
 Metaspace       used 76629K, capacity 79570K, committed 79872K, reserved 1118208K
  class space    used 9773K, capacity 10379K, committed 10496K, reserved 1048576K
}
Event: 664.044 GC heap before
{Heap before GC invocations=33 (full 3):
 PSYoungGen      total 152576K, used 137297K [0x00000000f5580000, 0x0000000100000000, 0x0000000100000000)
  eden space 130560K, 100% used [0x00000000f5580000,0x00000000fd500000,0x00000000fd500000)
  from space 22016K, 30% used [0x00000000fd500000,0x00000000fdb94690,0x00000000fea80000)
  to   space 22016K, 0% used [0x00000000fea80000,0x00000000fea80000,0x0000000100000000)
 ParOldGen       total 175104K, used 68644K [0x00000000e0000000, 0x00000000eab00000, 0x00000000f5580000)
  object space 175104K, 39% used [0x00000000e0000000,0x00000000e43093c8,0x00000000eab00000)
 Metaspace       used 76663K, capacity 79576K, committed 79872K, reserved 1118208K
  class space    used 9774K, capacity 10380K, committed 10496K, reserved 1048576K
Event: 664.053 GC heap after
Heap after GC invocations=33 (full 3):
 PSYoungGen      total 151552K, used 3794K [0x00000000f5580000, 0x0000000100000000, 0x0000000100000000)
  eden space 129536K, 0% used [0x00000000f5580000,0x00000000f5580000,0x00000000fd400000)
  from space 22016K, 17% used [0x00000000fea80000,0x00000000fee34830,0x0000000100000000)
  to   space 22528K, 0% used [0x00000000fd400000,0x00000000fd400000,0x00000000fea00000)
 ParOldGen       total 175104K, used 71226K [0x00000000e0000000, 0x00000000eab00000, 0x00000000f5580000)
  object space 175104K, 40% used [0x00000000e0000000,0x00000000e458e8f8,0x00000000eab00000)
 Metaspace       used 76663K, capacity 79576K, committed 79872K, reserved 1118208K
  class space    used 9774K, capacity 10380K, committed 10496K, reserved 1048576K
}
Event: 669.217 GC heap before
{Heap before GC invocations=34 (full 3):
 PSYoungGen      total 151552K, used 133330K [0x00000000f5580000, 0x0000000100000000, 0x0000000100000000)
  eden space 129536K, 100% used [0x00000000f5580000,0x00000000fd400000,0x00000000fd400000)
  from space 22016K, 17% used [0x00000000fea80000,0x00000000fee34830,0x0000000100000000)
  to   space 22528K, 0% used [0x00000000fd400000,0x00000000fd400000,0x00000000fea00000)
 ParOldGen       total 175104K, used 71226K [0x00000000e0000000, 0x00000000eab00000, 0x00000000f5580000)
  object space 175104K, 40% used [0x00000000e0000000,0x00000000e458e8f8,0x00000000eab00000)
 Metaspace       used 76767K, capacity 79646K, committed 79872K, reserved 1118208K
  class space    used 9780K, capacity 10381K, committed 10496K, reserved 1048576K
Event: 669.221 GC heap after
Heap after GC invocations=34 (full 3):
 PSYoungGen      total 130560K, used 826K [0x00000000f5580000, 0x0000000100000000, 0x0000000100000000)
  eden space 129536K, 0% used [0x00000000f5580000,0x00000000f5580000,0x00000000fd400000)
  from space 1024K, 80% used [0x00000000fd400000,0x00000000fd4ceab0,0x00000000fd500000)
  to   space 23040K, 0% used [0x00000000fe980000,0x00000000fe980000,0x0000000100000000)
 ParOldGen       total 175104K, used 71338K [0x00000000e0000000, 0x00000000eab00000, 0x00000000f5580000)
  object space 175104K, 40% used [0x00000000e0000000,0x00000000e45aa8f8,0x00000000eab00000)
 Metaspace       used 76767K, capacity 79646K, committed 79872K, reserved 1118208K
  class space    used 9780K, capacity 10381K, committed 10496K, reserved 1048576K
}

